<?xml version="1.0" encoding="UTF-8"?>
<!-- Generated by org.testng.reporters.JUnitReportReporter -->
<testsuite hostname="LAPTOP-29KLLHNG" failures="0" tests="2" name="com.tests.FreeCRMTest" time="36.489" errors="0" timestamp="26 Aug 2020 03:14:59 GMT" skipped="0">
  <testcase classname="com.tests.FreeCRMTest" name="freemCRMLogoTest" time="20.829"/>
  <testcase classname="com.tests.FreeCRMTest" name="freeCrmTitleTest" time="15.660"/>
</testsuite> <!-- com.tests.FreeCRMTest -->
